#
# There is insufficient memory for the Java Runtime Environment to continue.
# Native memory allocation (malloc) failed to allocate 80576 bytes for Chunk::new
# Possible reasons:
#   The system is out of physical RAM or swap space
#   In 32 bit mode, the process size limit was hit
# Possible solutions:
#   Reduce memory load on the system
#   Increase physical memory or swap space
#   Check if swap backing store is full
#   Use 64 bit Java on a 64 bit OS
#   Decrease Java heap size (-Xmx/-Xms)
#   Decrease number of Java threads
#   Decrease Java thread stack sizes (-Xss)
#   Set larger code cache with -XX:ReservedCodeCacheSize=
# This output file may be truncated or incomplete.
#
#  Out of Memory Error (allocation.cpp:390), pid=11576, tid=0x0000000000003bbc
#
# JRE version: Java(TM) SE Runtime Environment (8.0_141-b15) (build 1.8.0_141-b15)
# Java VM: Java HotSpot(TM) 64-Bit Server VM (25.141-b15 mixed mode windows-amd64 compressed oops)
# Failed to write core dump. Minidumps are not enabled by default on client versions of Windows
#

---------------  T H R E A D  ---------------

Current thread (0x0000000015347800):  JavaThread "C2 CompilerThread0" daemon [_thread_in_native, id=15292, stack(0x0000000016990000,0x0000000016a90000)]

Stack: [0x0000000016990000,0x0000000016a90000]
[error occurred during error reporting (printing stack bounds), id 0xc0000005]

Native frames: (J=compiled Java code, j=interpreted, Vv=VM code, C=native code)


Current CompileTask:
C2:  26793 2792       4       com.sun.javafx.css.StyleCacheEntry::get (37 bytes)


---------------  P R O C E S S  ---------------

Java Threads: ( => current thread )
  0x0000000016d3e800 JavaThread "pool-2-thread-1" daemon [_thread_blocked, id=21624, stack(0x000000001e720000,0x000000001e820000)]
  0x0000000016d39800 JavaThread "cluster-ClusterId{value='5dfd0b806f510b2d3858b98e', description='null'}-localhost:27017" daemon [_thread_blocked, id=24420, stack(0x000000001e620000,0x000000001e720000)]
  0x00000000175ff800 JavaThread "Prism Font Disposer" daemon [_thread_blocked, id=21440, stack(0x000000001c8d0000,0x000000001c9d0000)]
  0x0000000017502000 JavaThread "Abandoned connection cleanup thread" daemon [_thread_blocked, id=10052, stack(0x000000001a4b0000,0x000000001a5b0000)]
  0x0000000017330800 JavaThread "JavaFX-Launcher" [_thread_blocked, id=22364, stack(0x0000000019eb0000,0x0000000019fb0000)]
  0x000000001733e000 JavaThread "Thread-2" daemon [_thread_in_native, id=14516, stack(0x0000000019db0000,0x0000000019eb0000)]
  0x00000000172b3800 JavaThread "JavaFX Application Thread" [_thread_in_native, id=23892, stack(0x0000000017d80000,0x0000000017e80000)]
  0x00000000172bf000 JavaThread "Thread-1" daemon [_thread_blocked, id=7860, stack(0x0000000017c80000,0x0000000017d80000)]
  0x000000001729d000 JavaThread "QuantumRenderer-0" daemon [_thread_blocked, id=17724, stack(0x0000000017a90000,0x0000000017b90000)]
  0x0000000016cfd000 JavaThread "Service Thread" daemon [_thread_blocked, id=15564, stack(0x0000000017090000,0x0000000017190000)]
  0x0000000015394000 JavaThread "C1 CompilerThread2" daemon [_thread_blocked, id=12356, stack(0x0000000016b90000,0x0000000016c90000)]
  0x000000001534a000 JavaThread "C2 CompilerThread1" daemon [_thread_blocked, id=18408, stack(0x0000000016a90000,0x0000000016b90000)]
=>0x0000000015347800 JavaThread "C2 CompilerThread0" daemon [_thread_in_native, id=15292, stack(0x0000000016990000,0x0000000016a90000)]
  0x0000000015346000 JavaThread "Attach Listener" daemon [_thread_blocked, id=18368, stack(0x0000000016890000,0x0000000016990000)]
  0x0000000015393800 JavaThread "Signal Dispatcher" daemon [_thread_blocked, id=21644, stack(0x0000000016790000,0x0000000016890000)]
  0x000000001532a800 JavaThread "Finalizer" daemon [_thread_blocked, id=20072, stack(0x0000000016590000,0x0000000016690000)]
  0x0000000015309000 JavaThread "Reference Handler" daemon [_thread_blocked, id=22876, stack(0x0000000016490000,0x0000000016590000)]
  0x0000000002c82800 JavaThread "main" [_thread_blocked, id=13844, stack(0x0000000002b80000,0x0000000002c80000)]

Other Threads:
  0x0000000015307800 VMThread [stack: 0x0000000016390000,0x0000000016490000] [id=23464]
  0x0000000016d50000 WatcherThread [stack: 0x0000000017190000,0x0000000017290000] [id=8560]

VM state:not at safepoint (normal execution)

VM Mutex/Monitor currently owned by a thread: None

Heap:
 PSYoungGen      total 18944K, used 6258K [0x00000000eb500000, 0x00000000eca00000, 0x0000000100000000)
  eden space 16384K, 22% used [0x00000000eb500000,0x00000000eb89c8b0,0x00000000ec500000)
  from space 2560K, 100% used [0x00000000ec780000,0x00000000eca00000,0x00000000eca00000)
  to   space 2560K, 0% used [0x00000000ec500000,0x00000000ec500000,0x00000000ec780000)
 ParOldGen       total 43520K, used 10712K [0x00000000c1e00000, 0x00000000c4880000, 0x00000000eb500000)
  object space 43520K, 24% used [0x00000000c1e00000,0x00000000c2876240,0x00000000c4880000)
 Metaspace       used 24999K, capacity 26212K, committed 26368K, reserved 1071104K
  class space    used 3523K, capacity 3763K, committed 3840K, reserved 1048576K

Card table byte_map: [0x0000000012140000,0x0000000012340000] byte_map_base: 0x0000000011b31000

Marking Bits: (ParMarkBitMap*) 0x0000000076c4d850
 Begin Bits: [0x0000000012890000, 0x0000000013818000)
 End Bits:   [0x0000000013818000, 0x00000000147a0000)

Polling page: 0x0000000000eb0000

CodeCache: size=245760Kb used=8076Kb max_used=8076Kb free=237683Kb
 bounds [0x0000000002d80000, 0x0000000003570000, 0x0000000011d80000]
 total_blobs=3422 nmethods=2671 adapters=663
 compilation: enabled

Compilation events (10 events):
Event: 26.782 Thread 0x0000000015394000 nmethod 2789 0x0000000003560f50 code [0x00000000035610a0, 0x00000000035611b0]
Event: 26.782 Thread 0x0000000015394000 2785       3       javafx.scene.Node::parentToLocal (15 bytes)
Event: 26.783 Thread 0x0000000015394000 nmethod 2785 0x0000000003561210 code [0x0000000003561380, 0x0000000003561658]
Event: 26.783 Thread 0x0000000015394000 2793       3       javafx.scene.Node::impl_syncPeer (43 bytes)
Event: 26.784 Thread 0x0000000015394000 nmethod 2793 0x0000000003561750 code [0x0000000003561900, 0x0000000003562208]
Event: 26.784 Thread 0x0000000015394000 2797       1       com.sun.javafx.geom.transform.AffineBase::getMyx (5 bytes)
Event: 26.784 Thread 0x0000000015394000 nmethod 2797 0x0000000003562450 code [0x00000000035625a0, 0x00000000035626b0]
Event: 26.784 Thread 0x0000000015394000 2794       3       com.sun.javafx.sg.prism.NGNode::accumulateDirtyRegions (112 bytes)
Event: 26.786 Thread 0x0000000015394000 nmethod 2794 0x0000000003562710 code [0x00000000035628c0, 0x0000000003562e88]
Event: 26.786 Thread 0x0000000015394000 2798       3       com.sun.javafx.geom.transform.AffineBase::transform3DBounds (653 bytes)

GC Heap History (10 events):
Event: 3.004 GC heap before
{Heap before GC invocations=1 (full 0):
 PSYoungGen      total 18944K, used 16384K [0x00000000eb500000, 0x00000000eca00000, 0x0000000100000000)
  eden space 16384K, 100% used [0x00000000eb500000,0x00000000ec500000,0x00000000ec500000)
  from space 2560K, 0% used [0x00000000ec780000,0x00000000ec780000,0x00000000eca00000)
  to   space 2560K, 0% used [0x00000000ec500000,0x00000000ec500000,0x00000000ec780000)
 ParOldGen       total 44032K, used 0K [0x00000000c1e00000, 0x00000000c4900000, 0x00000000eb500000)
  object space 44032K, 0% used [0x00000000c1e00000,0x00000000c1e00000,0x00000000c4900000)
 Metaspace       used 10724K, capacity 11106K, committed 11264K, reserved 1058816K
  class space    used 1357K, capacity 1473K, committed 1536K, reserved 1048576K
Event: 3.022 GC heap after
Heap after GC invocations=1 (full 0):
 PSYoungGen      total 18944K, used 2544K [0x00000000eb500000, 0x00000000eca00000, 0x0000000100000000)
  eden space 16384K, 0% used [0x00000000eb500000,0x00000000eb500000,0x00000000ec500000)
  from space 2560K, 99% used [0x00000000ec500000,0x00000000ec77c030,0x00000000ec780000)
  to   space 2560K, 0% used [0x00000000ec780000,0x00000000ec780000,0x00000000eca00000)
 ParOldGen       total 44032K, used 748K [0x00000000c1e00000, 0x00000000c4900000, 0x00000000eb500000)
  object space 44032K, 1% used [0x00000000c1e00000,0x00000000c1ebb3f0,0x00000000c4900000)
 Metaspace       used 10724K, capacity 11106K, committed 11264K, reserved 1058816K
  class space    used 1357K, capacity 1473K, committed 1536K, reserved 1048576K
}
Event: 8.419 GC heap before
{Heap before GC invocations=2 (full 0):
 PSYoungGen      total 18944K, used 18928K [0x00000000eb500000, 0x00000000eca00000, 0x0000000100000000)
  eden space 16384K, 100% used [0x00000000eb500000,0x00000000ec500000,0x00000000ec500000)
  from space 2560K, 99% used [0x00000000ec500000,0x00000000ec77c030,0x00000000ec780000)
  to   space 2560K, 0% used [0x00000000ec780000,0x00000000ec780000,0x00000000eca00000)
 ParOldGen       total 44032K, used 748K [0x00000000c1e00000, 0x00000000c4900000, 0x00000000eb500000)
  object space 44032K, 1% used [0x00000000c1e00000,0x00000000c1ebb3f0,0x00000000c4900000)
 Metaspace       used 17161K, capacity 17662K, committed 17920K, reserved 1064960K
  class space    used 2335K, capacity 2484K, committed 2560K, reserved 1048576K
Event: 8.442 GC heap after
Heap after GC invocations=2 (full 0):
 PSYoungGen      total 18944K, used 2544K [0x00000000eb500000, 0x00000000eca00000, 0x0000000100000000)
  eden space 16384K, 0% used [0x00000000eb500000,0x00000000eb500000,0x00000000ec500000)
  from space 2560K, 99% used [0x00000000ec780000,0x00000000ec9fc060,0x00000000eca00000)
  to   space 2560K, 0% used [0x00000000ec500000,0x00000000ec500000,0x00000000ec780000)
 ParOldGen       total 44032K, used 4125K [0x00000000c1e00000, 0x00000000c4900000, 0x00000000eb500000)
  object space 44032K, 9% used [0x00000000c1e00000,0x00000000c22075b0,0x00000000c4900000)
 Metaspace       used 17161K, capacity 17662K, committed 17920K, reserved 1064960K
  class space    used 2335K, capacity 2484K, committed 2560K, reserved 1048576K
}
Event: 19.728 GC heap before
{Heap before GC invocations=3 (full 0):
 PSYoungGen      total 18944K, used 14865K [0x00000000eb500000, 0x00000000eca00000, 0x0000000100000000)
  eden space 16384K, 75% used [0x00000000eb500000,0x00000000ec1085f8,0x00000000ec500000)
  from space 2560K, 99% used [0x00000000ec780000,0x00000000ec9fc060,0x00000000eca00000)
  to   space 2560K, 0% used [0x00000000ec500000,0x00000000ec500000,0x00000000ec780000)
 ParOldGen       total 44032K, used 4125K [0x00000000c1e00000, 0x00000000c4900000, 0x00000000eb500000)
  object space 44032K, 9% used [0x00000000c1e00000,0x00000000c22075b0,0x00000000c4900000)
 Metaspace       used 20424K, capacity 21052K, committed 21248K, reserved 1067008K
  class space    used 2773K, capacity 2951K, committed 3072K, reserved 1048576K
Event: 19.749 GC heap after
Heap after GC invocations=3 (full 0):
 PSYoungGen      total 18944K, used 2528K [0x00000000eb500000, 0x00000000eca00000, 0x0000000100000000)
  eden space 16384K, 0% used [0x00000000eb500000,0x00000000eb500000,0x00000000ec500000)
  from space 2560K, 98% used [0x00000000ec500000,0x00000000ec778070,0x00000000ec780000)
  to   space 2560K, 0% used [0x00000000ec780000,0x00000000ec780000,0x00000000eca00000)
 ParOldGen       total 44032K, used 8606K [0x00000000c1e00000, 0x00000000c4900000, 0x00000000eb500000)
  object space 44032K, 19% used [0x00000000c1e00000,0x00000000c2667b60,0x00000000c4900000)
 Metaspace       used 20424K, capacity 21052K, committed 21248K, reserved 1067008K
  class space    used 2773K, capacity 2951K, committed 3072K, reserved 1048576K
}
Event: 19.749 GC heap before
{Heap before GC invocations=4 (full 1):
 PSYoungGen      total 18944K, used 2528K [0x00000000eb500000, 0x00000000eca00000, 0x0000000100000000)
  eden space 16384K, 0% used [0x00000000eb500000,0x00000000eb500000,0x00000000ec500000)
  from space 2560K, 98% used [0x00000000ec500000,0x00000000ec778070,0x00000000ec780000)
  to   space 2560K, 0% used [0x00000000ec780000,0x00000000ec780000,0x00000000eca00000)
 ParOldGen       total 44032K, used 8606K [0x00000000c1e00000, 0x00000000c4900000, 0x00000000eb500000)
  object space 44032K, 19% used [0x00000000c1e00000,0x00000000c2667b60,0x00000000c4900000)
 Metaspace       used 20424K, capacity 21052K, committed 21248K, reserved 1067008K
  class space    used 2773K, capacity 2951K, committed 3072K, reserved 1048576K
Event: 19.881 GC heap after
Heap after GC invocations=4 (full 1):
 PSYoungGen      total 18944K, used 0K [0x00000000eb500000, 0x00000000eca00000, 0x0000000100000000)
  eden space 16384K, 0% used [0x00000000eb500000,0x00000000eb500000,0x00000000ec500000)
  from space 2560K, 0% used [0x00000000ec500000,0x00000000ec500000,0x00000000ec780000)
  to   space 2560K, 0% used [0x00000000ec780000,0x00000000ec780000,0x00000000eca00000)
 ParOldGen       total 43520K, used 10164K [0x00000000c1e00000, 0x00000000c4880000, 0x00000000eb500000)
  object space 43520K, 23% used [0x00000000c1e00000,0x00000000c27ed288,0x00000000c4880000)
 Metaspace       used 20424K, capacity 21052K, committed 21248K, reserved 1067008K
  class space    used 2773K, capacity 2951K, committed 3072K, reserved 1048576K
}
Event: 25.548 GC heap before
{Heap before GC invocations=5 (full 1):
 PSYoungGen      total 18944K, used 16384K [0x00000000eb500000, 0x00000000eca00000, 0x0000000100000000)
  eden space 16384K, 100% used [0x00000000eb500000,0x00000000ec500000,0x00000000ec500000)
  from space 2560K, 0% used [0x00000000ec500000,0x00000000ec500000,0x00000000ec780000)
  to   space 2560K, 0% used [0x00000000ec780000,0x00000000ec780000,0x00000000eca00000)
 ParOldGen       total 43520K, used 10164K [0x00000000c1e00000, 0x00000000c4880000, 0x00000000eb500000)
  object space 43520K, 23% used [0x00000000c1e00000,0x00000000c27ed288,0x00000000c4880000)
 Metaspace       used 24578K, capacity 25826K, committed 26112K, reserved 1071104K
  class space    used 3503K, capacity 3762K, committed 3840K, reserved 1048576K
Event: 25.558 GC heap after
Heap after GC invocations=5 (full 1):
 PSYoungGen      total 18944K, used 2560K [0x00000000eb500000, 0x00000000eca00000, 0x0000000100000000)
  eden space 16384K, 0% used [0x00000000eb500000,0x00000000eb500000,0x00000000ec500000)
  from space 2560K, 100% used [0x00000000ec780000,0x00000000eca00000,0x00000000eca00000)
  to   space 2560K, 0% used [0x00000000ec500000,0x00000000ec500000,0x00000000ec780000)
 ParOldGen       total 43520K, used 10712K [0x00000000c1e00000, 0x00000000c4880000, 0x00000000eb500000)
  object space 43520K, 24% used [0x00000000c1e00000,0x00000000c2876240,0x00000000c4880000)
 Metaspace       used 24578K, capacity 25826K, committed 26112K, reserved 1071104K
  class space    used 3503K, capacity 3762K, committed 3840K, reserved 1048576K
}

Deoptimization events (10 events):
Event: 15.132 Thread 0x00000000172b3800 Uncommon trap: reason=unstable_if action=reinterpret pc=0x0000000002f58a80 method=java.lang.CharacterData.of(I)Ljava/lang/CharacterData; @ 4
Event: 17.911 Thread 0x00000000172b3800 Uncommon trap: reason=class_check action=maybe_recompile pc=0x00000000030b860c method=java.util.HashMap.putVal(ILjava/lang/Object;Ljava/lang/Object;ZZ)Ljava/lang/Object; @ 253
Event: 17.911 Thread 0x00000000172b3800 Uncommon trap: reason=class_check action=maybe_recompile pc=0x00000000030b860c method=java.util.HashMap.putVal(ILjava/lang/Object;Ljava/lang/Object;ZZ)Ljava/lang/Object; @ 253
Event: 17.911 Thread 0x00000000172b3800 Uncommon trap: reason=class_check action=maybe_recompile pc=0x00000000030b860c method=java.util.HashMap.putVal(ILjava/lang/Object;Ljava/lang/Object;ZZ)Ljava/lang/Object; @ 253
Event: 17.911 Thread 0x00000000172b3800 Uncommon trap: reason=class_check action=maybe_recompile pc=0x00000000030b860c method=java.util.HashMap.putVal(ILjava/lang/Object;Ljava/lang/Object;ZZ)Ljava/lang/Object; @ 253
Event: 23.548 Thread 0x00000000172b3800 Uncommon trap: reason=unstable_if action=reinterpret pc=0x00000000032f6dc4 method=java.util.concurrent.ConcurrentHashMap.putVal(Ljava/lang/Object;Ljava/lang/Object;Z)Ljava/lang/Object; @ 181
Event: 25.264 Thread 0x00000000172b3800 Uncommon trap: reason=array_check action=maybe_recompile pc=0x00000000034286b4 method=com.sun.javafx.css.SimpleSelector.applies(Ljavafx/css/Styleable;[Ljava/util/Set;I)Z @ 37
Event: 25.265 Thread 0x00000000172b3800 Uncommon trap: reason=array_check action=maybe_recompile pc=0x00000000034286b4 method=com.sun.javafx.css.SimpleSelector.applies(Ljavafx/css/Styleable;[Ljava/util/Set;I)Z @ 37
Event: 25.265 Thread 0x00000000172b3800 Uncommon trap: reason=array_check action=maybe_recompile pc=0x00000000034286b4 method=com.sun.javafx.css.SimpleSelector.applies(Ljavafx/css/Styleable;[Ljava/util/Set;I)Z @ 37
Event: 25.265 Thread 0x00000000172b3800 Uncommon trap: reason=array_check action=maybe_recompile pc=0x00000000034286b4 method=com.sun.javafx.css.SimpleSelector.applies(Ljavafx/css/Styleable;[Ljava/util/Set;I)Z @ 37

Internal exceptions (10 events):
Event: 2.581 Thread 0x00000000172b3800 Exception <a 'java/lang/ArrayIndexOutOfBoundsException': 78> (0x00000000ec1f2748) thrown at [C:\re\workspace\8-2-build-windows-amd64-cygwin\jdk8u141\9370\hotspot\src\share\vm\interpreter\interpreterRuntime.cpp, line 366]
Event: 2.586 Thread 0x00000000172b3800 Exception <a 'java/lang/ArrayIndexOutOfBoundsException': 18> (0x00000000ec1f3620) thrown at [C:\re\workspace\8-2-build-windows-amd64-cygwin\jdk8u141\9370\hotspot\src\share\vm\interpreter\interpreterRuntime.cpp, line 366]
Event: 2.587 Thread 0x00000000172b3800 Exception <a 'java/lang/ArrayIndexOutOfBoundsException': 86> (0x00000000ec1f49c8) thrown at [C:\re\workspace\8-2-build-windows-amd64-cygwin\jdk8u141\9370\hotspot\src\share\vm\interpreter\interpreterRuntime.cpp, line 366]
Event: 2.597 Thread 0x00000000172b3800 Exception <a 'java/lang/ArrayIndexOutOfBoundsException'> (0x00000000ec208e78) thrown at [C:\re\workspace\8-2-build-windows-amd64-cygwin\jdk8u141\9370\hotspot\src\share\vm\runtime\sharedRuntime.cpp, line 605]
Event: 3.179 Thread 0x00000000172b3800 Exception <a 'java/lang/ArrayIndexOutOfBoundsException'> (0x00000000eb610908) thrown at [C:\re\workspace\8-2-build-windows-amd64-cygwin\jdk8u141\9370\hotspot\src\share\vm\runtime\sharedRuntime.cpp, line 605]
Event: 3.628 Thread 0x00000000172b3800 Implicit null exception at 0x00000000030429d4 to 0x0000000003042d79
Event: 7.336 Thread 0x00000000172b3800 Implicit null exception at 0x000000000300fc35 to 0x000000000300fe0d
Event: 23.938 Thread 0x00000000172b3800 Exception <a 'java/lang/ArrayIndexOutOfBoundsException'> (0x00000000eb6f8048) thrown at [C:\re\workspace\8-2-build-windows-amd64-cygwin\jdk8u141\9370\hotspot\src\share\vm\runtime\sharedRuntime.cpp, line 605]
Event: 23.939 Thread 0x00000000172b3800 Exception <a 'java/lang/ArrayIndexOutOfBoundsException'> (0x00000000eb6f98a8) thrown at [C:\re\workspace\8-2-build-windows-amd64-cygwin\jdk8u141\9370\hotspot\src\share\vm\runtime\sharedRuntime.cpp, line 605]
Event: 23.944 Thread 0x00000000172b3800 Exception <a 'java/lang/ArrayIndexOutOfBoundsException'> (0x00000000eb6fb498) thrown at [C:\re\workspace\8-2-build-windows-amd64-cygwin\jdk8u141\9370\hotspot\src\share\vm\runtime\sharedRuntime.cpp, line 605]

Events (10 events):
Event: 25.975 loading class com/sun/scenario/effect/impl/state/BoxBlurState
Event: 25.975 loading class com/sun/scenario/effect/impl/state/BoxBlurState done
Event: 25.978 loading class com/sun/scenario/effect/impl/state/BoxRenderState
Event: 25.978 loading class com/sun/scenario/effect/impl/state/BoxRenderState done
Event: 25.980 loading class com/sun/javafx/sg/prism/EffectFilter
Event: 25.980 loading class com/sun/javafx/sg/prism/EffectFilter done
Event: 25.983 loading class com/sun/javafx/sg/prism/NodeEffectInput$RenderType
Event: 25.983 loading class com/sun/javafx/sg/prism/NodeEffectInput$RenderType done
Event: 26.083 Executing VM operation: RevokeBias
Event: 26.084 Executing VM operation: RevokeBias done


Dynamic libraries:
0x00007ff75e470000 - 0x00007ff75e4a7000 	C:\Program Files\Java\jdk1.8.0_141\bin\java.exe
0x00007ffd947e0000 - 0x00007ffd949d0000 	C:\Windows\SYSTEM32\ntdll.dll
0x00007ffd93b30000 - 0x00007ffd93be2000 	C:\Windows\System32\KERNEL32.DLL
0x00007ffd92110000 - 0x00007ffd923b3000 	C:\Windows\System32\KERNELBASE.dll
0x00007ffd935a0000 - 0x00007ffd93643000 	C:\Windows\System32\ADVAPI32.dll
0x00007ffd93ed0000 - 0x00007ffd93f6e000 	C:\Windows\System32\msvcrt.dll
0x00007ffd94630000 - 0x00007ffd946c7000 	C:\Windows\System32\sechost.dll
0x00007ffd93250000 - 0x00007ffd93370000 	C:\Windows\System32\RPCRT4.dll
0x00007ffd93990000 - 0x00007ffd93b24000 	C:\Windows\System32\USER32.dll
0x00007ffd923c0000 - 0x00007ffd923e1000 	C:\Windows\System32\win32u.dll
0x00007ffd93bf0000 - 0x00007ffd93c16000 	C:\Windows\System32\GDI32.dll
0x00007ffd92500000 - 0x00007ffd92694000 	C:\Windows\System32\gdi32full.dll
0x00007ffd926a0000 - 0x00007ffd9273e000 	C:\Windows\System32\msvcp_win.dll
0x00007ffd92740000 - 0x00007ffd9283a000 	C:\Windows\System32\ucrtbase.dll
0x00007ffd805f0000 - 0x00007ffd80875000 	C:\Windows\WinSxS\amd64_microsoft.windows.common-controls_6595b64144ccf1df_6.0.18362.476_none_e6c4b11b130f2595\COMCTL32.dll
0x00007ffd93650000 - 0x00007ffd93986000 	C:\Windows\System32\combase.dll
0x00007ffd923f0000 - 0x00007ffd92470000 	C:\Windows\System32\bcryptPrimitives.dll
0x00007ffd943e0000 - 0x00007ffd9440e000 	C:\Windows\System32\IMM32.DLL
0x0000000076350000 - 0x0000000076422000 	C:\Program Files\Java\jdk1.8.0_141\jre\bin\msvcr100.dll
0x0000000076430000 - 0x0000000076ccd000 	C:\Program Files\Java\jdk1.8.0_141\jre\bin\server\jvm.dll
0x00007ffd93370000 - 0x00007ffd93378000 	C:\Windows\System32\PSAPI.DLL
0x00007ffd7fe60000 - 0x00007ffd7fe69000 	C:\Windows\SYSTEM32\WSOCK32.dll
0x00007ffd93380000 - 0x00007ffd933ef000 	C:\Windows\System32\WS2_32.dll
0x00007ffd8f620000 - 0x00007ffd8f644000 	C:\Windows\SYSTEM32\WINMM.dll
0x00007ffd87570000 - 0x00007ffd8757a000 	C:\Windows\SYSTEM32\VERSION.dll
0x00007ffd8f1a0000 - 0x00007ffd8f1cd000 	C:\Windows\SYSTEM32\winmmbase.dll
0x00007ffd92840000 - 0x00007ffd9288a000 	C:\Windows\System32\cfgmgr32.dll
0x0000000077170000 - 0x000000007717f000 	C:\Program Files\Java\jdk1.8.0_141\jre\bin\verify.dll
0x0000000076320000 - 0x0000000076349000 	C:\Program Files\Java\jdk1.8.0_141\jre\bin\java.dll
0x0000000076300000 - 0x0000000076316000 	C:\Program Files\Java\jdk1.8.0_141\jre\bin\zip.dll
0x00007ffd92890000 - 0x00007ffd92f75000 	C:\Windows\System32\SHELL32.dll
0x00007ffd93e20000 - 0x00007ffd93ec9000 	C:\Windows\System32\shcore.dll
0x00007ffd91970000 - 0x00007ffd920ee000 	C:\Windows\System32\windows.storage.dll
0x00007ffd916c0000 - 0x00007ffd916df000 	C:\Windows\System32\profapi.dll
0x00007ffd916e0000 - 0x00007ffd9172a000 	C:\Windows\System32\powrprof.dll
0x00007ffd916b0000 - 0x00007ffd916c0000 	C:\Windows\System32\UMPDC.dll
0x00007ffd93cd0000 - 0x00007ffd93d22000 	C:\Windows\System32\shlwapi.dll
0x00007ffd91750000 - 0x00007ffd91761000 	C:\Windows\System32\kernel.appcore.dll
0x00007ffd920f0000 - 0x00007ffd92107000 	C:\Windows\System32\cryptsp.dll
0x00007ffd757b0000 - 0x00007ffd7589f000 	C:\Program Files\Java\jdk1.8.0_141\jre\bin\msvcr120.dll
0x00007ffd796b0000 - 0x00007ffd79756000 	C:\Program Files\Java\jdk1.8.0_141\jre\bin\msvcp120.dll
0x0000000074c30000 - 0x0000000074c52000 	C:\Program Files\Java\jdk1.8.0_141\jre\bin\prism_d3d.dll
0x00007ffd60cf0000 - 0x00007ffd60eb7000 	C:\Windows\system32\d3d9.dll
0x00007ffd8fe50000 - 0x00007ffd8fe7d000 	C:\Windows\SYSTEM32\dwmapi.dll
0x00007ffd90320000 - 0x00007ffd90340000 	C:\Windows\SYSTEM32\dxcore.dll
0x00007ffd8fa30000 - 0x00007ffd8fac9000 	C:\Windows\system32\uxtheme.dll
0x00007ffd61f70000 - 0x00007ffd629de000 	C:\Windows\SYSTEM32\igdumdim64.dll
0x00007ffd88780000 - 0x00007ffd88bdf000 	C:\Windows\SYSTEM32\igdusc64.dll
0x00000000742b0000 - 0x00000000742f3000 	C:\Program Files\Java\jdk1.8.0_141\jre\bin\glass.dll
0x00007ffd946d0000 - 0x00007ffd947a0000 	C:\Windows\System32\COMDLG32.dll
0x00007ffd93050000 - 0x00007ffd931a6000 	C:\Windows\System32\ole32.dll
0x00007ffd92f80000 - 0x00007ffd93044000 	C:\Windows\System32\OLEAUT32.dll
0x00007ffd94470000 - 0x00007ffd945a6000 	C:\Windows\System32\MSCTF.dll
0x0000000074260000 - 0x0000000074274000 	C:\Program Files\Java\jdk1.8.0_141\jre\bin\javafx_font.dll
0x00007ffd70530000 - 0x00007ffd7082e000 	C:\Windows\SYSTEM32\dwrite.dll
0x00000000762e0000 - 0x00000000762fa000 	C:\Program Files\Java\jdk1.8.0_141\jre\bin\net.dll
0x00007ffd90ec0000 - 0x00007ffd90f27000 	C:\Windows\system32\mswsock.dll
0x00007ffd90c10000 - 0x00007ffd90cda000 	C:\Windows\SYSTEM32\DNSAPI.dll
0x00007ffd93db0000 - 0x00007ffd93db8000 	C:\Windows\System32\NSI.dll
0x00007ffd90bd0000 - 0x00007ffd90c0a000 	C:\Windows\SYSTEM32\IPHLPAPI.DLL
0x00007ffd871c0000 - 0x00007ffd871ca000 	C:\Windows\System32\rasadhlp.dll
0x00007ffd88600000 - 0x00007ffd88677000 	C:\Windows\System32\fwpuclnt.dll
0x00007ffd924d0000 - 0x00007ffd924f6000 	C:\Windows\System32\bcrypt.dll
0x00007ffd93c20000 - 0x00007ffd93cc2000 	C:\Windows\System32\clbcatq.dll
0x00007ffd8c0c0000 - 0x00007ffd8c26f000 	C:\Windows\SYSTEM32\WindowsCodecs.dll
0x00007ffd6e130000 - 0x00007ffd6e16a000 	C:\Windows\system32\dataexchange.dll
0x00007ffd8efc0000 - 0x00007ffd8f19b000 	C:\Windows\system32\dcomp.dll
0x00007ffd8e900000 - 0x00007ffd8eb5b000 	C:\Windows\system32\d3d11.dll
0x00007ffd903b0000 - 0x00007ffd9049b000 	C:\Windows\system32\dxgi.dll
0x00007ffd8fb00000 - 0x00007ffd8fd5a000 	C:\Windows\system32\twinapi.appcore.dll
0x00007ffd8ff30000 - 0x00007ffd8ff59000 	C:\Windows\system32\RMCLIENT.dll
0x00007ffd80960000 - 0x00007ffd80993000 	C:\Program Files\Common Files\Microsoft Shared\Ink\rtscom.dll
0x00007ffd73750000 - 0x00007ffd737ee000 	C:\Windows\System32\TextInputFramework.dll
0x00007ffd8ce70000 - 0x00007ffd8d19a000 	C:\Windows\System32\CoreUIComponents.dll
0x00007ffd8f540000 - 0x00007ffd8f614000 	C:\Windows\System32\CoreMessaging.dll
0x00007ffd90710000 - 0x00007ffd90741000 	C:\Windows\SYSTEM32\ntmarta.dll
0x00007ffd8d2a0000 - 0x00007ffd8d3f3000 	C:\Windows\SYSTEM32\wintypes.dll
0x00007ffd87700000 - 0x00007ffd879a6000 	C:\Windows\System32\iertutil.dll
0x0000000074290000 - 0x00000000742a1000 	C:\Program Files\Java\jdk1.8.0_141\jre\bin\prism_common.dll
0x00007ffd90a30000 - 0x00007ffd90a63000 	C:\Windows\system32\rsaenh.dll
0x00007ffd915d0000 - 0x00007ffd915f5000 	C:\Windows\SYSTEM32\USERENV.dll
0x00007ffd91090000 - 0x00007ffd9109c000 	C:\Windows\SYSTEM32\CRYPTBASE.dll
0x00007ffd89da0000 - 0x00007ffd89db6000 	C:\Windows\SYSTEM32\dhcpcsvc6.DLL
0x00007ffd89d80000 - 0x00007ffd89d9c000 	C:\Windows\SYSTEM32\dhcpcsvc.DLL
0x00000000762c0000 - 0x00000000762d1000 	C:\Program Files\Java\jdk1.8.0_141\jre\bin\nio.dll
0x0000000077160000 - 0x000000007716d000 	C:\Program Files\Java\jdk1.8.0_141\jre\bin\management.dll
0x00007ffd7dd00000 - 0x00007ffd7dd16000 	C:\Windows\system32\napinsp.dll
0x00007ffd7dce0000 - 0x00007ffd7dcfa000 	C:\Windows\system32\pnrpnsp.dll
0x00007ffd7dfd0000 - 0x00007ffd7dfde000 	C:\Windows\System32\winrnr.dll
0x00007ffd8de00000 - 0x00007ffd8de1c000 	C:\Windows\system32\NLAapi.dll
0x00007ffd7df80000 - 0x00007ffd7df95000 	C:\Windows\system32\wshbth.dll

VM Arguments:
jvm_args: -Dfile.encoding=UTF-8 
java_command: Index.Index
java_class_path (initial): C:\Users\hp\Documents\NetBeansProjects\mysql-connector-java-5.1.47\mysql-connector-java-5.1.47-bin.jar;C:\Users\hp\Documents\NetBeansProjects\mysql-connector-java-5.1.47\mysql-connector-java-5.1.47.jar;C:\Users\hp\Documents\NetBeansProjects\Moodle-System\MongoDriver\gson-2.8.2.jar;C:\Users\hp\Documents\NetBeansProjects\Moodle-System\MongoDriver\json-simple-1.1.1.jar;C:\Users\hp\Documents\NetBeansProjects\Moodle-System\MongoDriver\mongo-java-driver-3.3.0.jar;C:\Users\hp\Documents\NetBeansProjects\Moodle-System\build\classes
Launcher Type: SUN_STANDARD

Environment Variables:
PATH=C:\oraclexe\app\oracle\product\11.2.0\server\bin;;C:\ProgramData\DockerDesktop\version-bin;C:\Program Files\Docker\Docker\Resources\bin;C:\Windows\system32;C:\Windows;C:\Windows\System32\Wbem;C:\Windows\System32\WindowsPowerShell\v1.0\;C:\Windows\System32\OpenSSH\;C:\Program Files\Git\cmd;C:\Program Files\Git\mingw64\bin;C:\Program Files\Git\usr\bin;C:\Program Files\nodejs\;C:\Program Files\PuTTY\;C:\Program Files (x86)\Brackets\command;C:\xampp\php;C:\Program Files\Java\jdk-12.0.2\bin;C:\Program Files\MongoDB\Server\4.0\bin;C:\ProgramData\ComposerSetup\bin;C:\Program Files\dotnet\;C:\Program Files\Microsoft SQL Server\130\Tools\Binn\;C:\Program Files\Microsoft SQL Server\Client SDK\ODBC\170\Tools\Binn\;C:\Users\hp\AppData\Local\Microsoft\WindowsApps;C:\Users\hp\AppData\Local\Programs\Microsoft VS Code\bin;C:\Users\hp\AppData\Local\GitHubDesktop\bin;C:\Users\hp\AppData\Roaming\npm;C:\Users\hp\AppData\Local\atom\bin;C:\Users\hp\AppData\Roaming\Composer\vendor\bin
USERNAME=hp
OS=Windows_NT
PROCESSOR_IDENTIFIER=Intel64 Family 6 Model 58 Stepping 9, GenuineIntel



---------------  S Y S T E M  ---------------

OS: Windows 10.0 , 64 bit Build 18362 (10.0.18362.329)

CPU:total 4 (initial active 4) (2 cores per cpu, 2 threads per core) family 6 model 58 stepping 9, cmov, cx8, fxsr, mmx, sse, sse2, sse3, ssse3, sse4.1, sse4.2, popcnt, avx, clmul, erms, ht, tsc, tscinvbit, tscinv

Memory: 4k page, physical 4070960k(356424k free), swap 16653872k(7556k free)

vm_info: Java HotSpot(TM) 64-Bit Server VM (25.141-b15) for windows-amd64 JRE (1.8.0_141-b15), built on Jul 12 2017 04:25:12 by "java_re" with MS VC++ 10.0 (VS2010)

time: Fri Dec 20 19:57:23 2019
elapsed time: 26 seconds (0d 0h 0m 26s)

